16:13:36.497 [main] DEBUG com.intuit.karate.Suite - [config] classpath:karate-config.js
16:13:38.953 [pool-1-thread-1] INFO  com.intuit.karate - karate.env system property was: null 
16:13:39.080 [pool-1-thread-1] ERROR com.intuit.karate - classpath:techGlobal/feature/Students.feature:6
And request{"firstName":"aaaaaa1","lastName":"ddddddd1","email":"asdf123@gmail.com","dob":"2001-02-02"}
js failed:
>>>>
01: request{"firstName":"aaaaaa1","lastName":"ddddddd1","email":"asdf123@gmail.com","dob":"2001-02-02"}
<<<<
org.graalvm.polyglot.PolyglotException: SyntaxError: Unnamed:1:7 Expected ; but found {
request{"firstName":"aaaaaa1","lastName":"ddddddd1","email":"asdf123@gmail.com","dob":"2001-02-02"}
       ^

- org.graalvm.polyglot.Context.eval(Context.java:425)
- com.intuit.karate.graal.JsEngine.evalForValue(JsEngine.java:169)
- com.intuit.karate.graal.JsEngine.eval(JsEngine.java:165)
- com.intuit.karate.core.ScenarioEngine.evalJs(ScenarioEngine.java:1199)
- com.intuit.karate.ScenarioActions.eval(ScenarioActions.java:372)
- java.base/jdk.internal.reflect.NativeMethodAccessorImpl.invoke0(Native Method)
- java.base/jdk.internal.reflect.NativeMethodAccessorImpl.invoke(NativeMethodAccessorImpl.java:62)

classpath:techGlobal/feature/Students.feature:6
16:13:39.925 [pool-2-thread-1] INFO  com.intuit.karate.Suite - <<fail>> feature 1 of 1 (0 remaining) classpath:techGlobal/feature/Students.feature
16:13:40.303 [main] DEBUG com.intuit.karate.Suite - [config] classpath:karate-config.js
16:13:40.340 [main] INFO  com.intuit.karate - karate.env system property was: null 
16:13:40.804 [main] DEBUG com.intuit.karate - request:
1 > POST https://api.realworld.io/api/users/login
1 > Content-Type: application/json; charset=UTF-8
1 > Content-Length: 61
1 > Host: api.realworld.io
1 > Connection: Keep-Alive
1 > User-Agent: Apache-HttpClient/4.5.14 (Java/11.0.17)
1 > Accept-Encoding: gzip,deflate
{"user":{"email":"pikacvhy@gmail.com","password":"12345678"}}

16:13:41.524 [main] DEBUG com.intuit.karate - response time in milliseconds: 711
1 < 200
1 < Date: Fri, 14 Apr 2023 21:13:41 GMT
1 < Content-Type: application/json; charset=utf-8
1 < Transfer-Encoding: chunked
1 < Connection: keep-alive
1 < X-Powered-By: Express
1 < Access-Control-Allow-Origin: *
1 < Etag: W/"153-ACz3bOXciljYwUMf3AsAT7jSQHE"
1 < Via: 1.1 vegur
1 < CF-Cache-Status: DYNAMIC
1 < Report-To: {"endpoints":[{"url":"https:\/\/a.nel.cloudflare.com\/report\/v3?s=CZeJqnQNoOVc1nA7pCAyyEl%2BddhAjo3cj9kvb1pMkJZYJfQaMZjtJgWIH%2BGHJSVhaUXXWo6%2BTUyh6V6sWZ2RUM0Q0bZxocfoBWSNRw5uJsfcC07Z1Q%2BWaA%2BJnJESZyWdftJA"}],"group":"cf-nel","max_age":604800}
1 < NEL: {"success_fraction":0,"report_to":"cf-nel","max_age":604800}
1 < Server: cloudflare
1 < CF-RAY: 7b7ef440e856e230-ORD
1 < alt-svc: h3=":443"; ma=86400, h3-29=":443"; ma=86400
{"user":{"email":"pikacvhy@gmail.com","username":"pikacvhy","bio":null,"image":"https://api.realworld.io/images/smiley-cyrus.jpeg","token":"eyJhbGciOiJIUzI1NiIsInR5cCI6IkpXVCJ9.eyJlbWFpbCI6InBpa2Fjdmh5QGdtYWlsLmNvbSIsInVzZXJuYW1lIjoicGlrYWN2aHkiLCJpYXQiOjE2ODE1MDY4MjEsImV4cCI6MTY4NjY5MDgyMX0.aKnRxteRZR70ZkU-orN8QXd0IXv6YWlpJ_S9J7VCbpM"}}

16:13:41.531 [main] DEBUG com.intuit.karate - request:
2 > POST https://api.realworld.io/api/articles
2 > Authorization: Token eyJhbGciOiJIUzI1NiIsInR5cCI6IkpXVCJ9.eyJlbWFpbCI6InBpa2Fjdmh5QGdtYWlsLmNvbSIsInVzZXJuYW1lIjoicGlrYWN2aHkiLCJpYXQiOjE2ODE1MDY4MjEsImV4cCI6MTY4NjY5MDgyMX0.aKnRxteRZR70ZkU-orN8QXd0IXv6YWlpJ_S9J7VCbpM
2 > Content-Type: application/json; charset=UTF-8
2 > Content-Length: 121
2 > Host: api.realworld.io
2 > Connection: Keep-Alive
2 > User-Agent: Apache-HttpClient/4.5.14 (Java/11.0.17)
2 > Accept-Encoding: gzip,deflate
{"article":{"tagList":["cats"],"title":"article2","description":"this article is about cats","body":"cats are the best"}}

16:13:41.705 [main] DEBUG com.intuit.karate - response time in milliseconds: 173
2 < 422
2 < Date: Fri, 14 Apr 2023 21:13:41 GMT
2 < Content-Type: application/json; charset=utf-8
2 < Content-Length: 39
2 < Connection: keep-alive
2 < X-Powered-By: Express
2 < Access-Control-Allow-Origin: *
2 < Etag: W/"27-BNeuaWQ7DHvW/r+pl+qdJiF06Is"
2 < Via: 1.1 vegur
2 < CF-Cache-Status: DYNAMIC
2 < Report-To: {"endpoints":[{"url":"https:\/\/a.nel.cloudflare.com\/report\/v3?s=kopgVsEmyNStxQdy18YohnEYKjOLLsyl5Px90Qg8hJGTtRWHxCkp6Px7p5zImjALfF1UgFkK66QEOdG8HtNUdQwvW81vVarT5zJgVN9nkB8h5FZcmlwtu5MndOYbM%2Bv6B%2BWI"}],"group":"cf-nel","max_age":604800}
2 < NEL: {"success_fraction":0,"report_to":"cf-nel","max_age":604800}
2 < Server: cloudflare
2 < CF-RAY: 7b7ef4430b570128-ORD
2 < alt-svc: h3=":443"; ma=86400, h3-29=":443"; ma=86400
{"errors":{"title":["must be unique"]}}

16:13:41.716 [main] ERROR com.intuit.karate - classpath:conduitApp/feature/Articles.feature:26
Then status 200
status code was: 422, expected: 200, response time in milliseconds: 173, url: https://api.realworld.io/api/articles, response: 
{"errors":{"title":["must be unique"]}}
classpath:conduitApp/feature/Articles.feature:26
16:15:35.449 [main] INFO  com.intuit.karate.Runner - using system property 'karate.options': --tags @tg
16:15:36.539 [main] DEBUG com.intuit.karate.Suite - [config] classpath:karate-config.js
16:15:36.546 [main] INFO  com.intuit.karate.Suite - backed up existing 'target/karate-reports' dir to: target/karate-reports_1681506936540
16:15:38.766 [pool-1-thread-1] INFO  com.intuit.karate - karate.env system property was: null 
16:15:39.153 [pool-1-thread-1] DEBUG com.intuit.karate - request:
1 > POST https://tech-global-training.com/students
1 > Content-Type: application/json; charset=UTF-8
1 > Content-Length: 92
1 > Host: tech-global-training.com
1 > Connection: Keep-Alive
1 > User-Agent: Apache-HttpClient/4.5.14 (Java/11.0.17)
1 > Accept-Encoding: gzip,deflate
{"firstName":"aaaaaa1","lastName":"ddddddd1","email":"asdf123@gmail.com","dob":"2001-02-02"}

16:15:39.558 [pool-1-thread-1] DEBUG com.intuit.karate - response time in milliseconds: 399
1 < 400
1 < Date: Fri, 14 Apr 2023 21:15:39 GMT
1 < Content-Type: application/json
1 < Content-Length: 151
1 < Connection: keep-alive
1 < x-amzn-RequestId: e581674b-e6cb-4404-9d6f-10737dba6f90
1 < Access-Control-Allow-Headers: Content-Type, Accept, X-Requested-With, remember-me
1 < x-amzn-Remapped-Connection: keep-alive
1 < x-amz-apigw-id: DYtTWHTjiYcFrmw=
1 < Vary: Origin
1 < Vary: Access-Control-Request-Method
1 < Vary: Access-Control-Request-Headers
1 < x-amzn-Remapped-Server: nginx/1.22.1
1 < Access-Control-Allow-Methods: POST, GET, OPTIONS, PUT, PATCH, DELETE
1 < x-amzn-Remapped-Date: Fri, 14 Apr 2023 21:15:39 GMT
1 < Access-Control-Max-Age: 3600
1 < Access-Control-Allow-Credentials: true
{"timestamp":"2023-04-14T21:15:39.534+00:00","status":400,"error":"Bad Request","message":"Invalid character in the field.","path":"/api/v1/students/"}

16:15:39.598 [pool-1-thread-1] ERROR com.intuit.karate - classpath:techGlobal/feature/Students.feature:8
Then status 200
status code was: 400, expected: 200, response time in milliseconds: 399, url: https://tech-global-training.com/students, response: 
{"timestamp":"2023-04-14T21:15:39.534+00:00","status":400,"error":"Bad Request","message":"Invalid character in the field.","path":"/api/v1/students/"}
classpath:techGlobal/feature/Students.feature:8
16:15:40.420 [pool-2-thread-1] INFO  com.intuit.karate.Suite - <<fail>> feature 1 of 1 (0 remaining) classpath:techGlobal/feature/Students.feature
16:15:40.881 [main] INFO  com.intuit.karate.Runner - using system property 'karate.options': --tags @tg
16:15:41.156 [main] DEBUG com.intuit.karate.Suite - [config] classpath:karate-config.js
16:16:53.249 [main] INFO  com.intuit.karate.Runner - using system property 'karate.options': --tags @tg
16:16:54.289 [main] DEBUG com.intuit.karate.Suite - [config] classpath:karate-config.js
16:16:54.296 [main] INFO  com.intuit.karate.Suite - backed up existing 'target/karate-reports' dir to: target/karate-reports_1681507014290
16:16:55.735 [pool-1-thread-1] INFO  com.intuit.karate - karate.env system property was: null 
16:16:56.202 [pool-1-thread-1] DEBUG com.intuit.karate - request:
1 > POST https://tech-global-training.com/students
1 > Content-Type: application/json; charset=UTF-8
1 > Content-Length: 92
1 > Host: tech-global-training.com
1 > Connection: Keep-Alive
1 > User-Agent: Apache-HttpClient/4.5.14 (Java/11.0.17)
1 > Accept-Encoding: gzip,deflate
{"firstName":"aaaaaa1","lastName":"ddddddd1","email":"asdf123@gmail.com","dob":"2001-02-02"}

16:16:56.531 [pool-1-thread-1] DEBUG com.intuit.karate - response time in milliseconds: 318
1 < 400
1 < Date: Fri, 14 Apr 2023 21:16:56 GMT
1 < Content-Type: application/json
1 < Content-Length: 151
1 < Connection: keep-alive
1 < x-amzn-RequestId: 82a93aee-c2df-4ec6-ba9b-aa10823e9cca
1 < Access-Control-Allow-Headers: Content-Type, Accept, X-Requested-With, remember-me
1 < x-amzn-Remapped-Connection: keep-alive
1 < x-amz-apigw-id: DYtfYFEQCYcF5qQ=
1 < Vary: Origin
1 < Vary: Access-Control-Request-Method
1 < Vary: Access-Control-Request-Headers
1 < x-amzn-Remapped-Server: nginx/1.22.1
1 < Access-Control-Allow-Methods: POST, GET, OPTIONS, PUT, PATCH, DELETE
1 < x-amzn-Remapped-Date: Fri, 14 Apr 2023 21:16:56 GMT
1 < Access-Control-Max-Age: 3600
1 < Access-Control-Allow-Credentials: true
{"timestamp":"2023-04-14T21:16:56.510+00:00","status":400,"error":"Bad Request","message":"Invalid character in the field.","path":"/api/v1/students/"}

16:16:56.566 [pool-1-thread-1] ERROR com.intuit.karate - classpath:techGlobal/feature/Students.feature:8
Then status 200
status code was: 400, expected: 200, response time in milliseconds: 318, url: https://tech-global-training.com/students, response: 
{"timestamp":"2023-04-14T21:16:56.510+00:00","status":400,"error":"Bad Request","message":"Invalid character in the field.","path":"/api/v1/students/"}
classpath:techGlobal/feature/Students.feature:8
16:16:57.238 [pool-2-thread-1] INFO  com.intuit.karate.Suite - <<fail>> feature 1 of 1 (0 remaining) classpath:techGlobal/feature/Students.feature
16:16:57.450 [main] INFO  com.intuit.karate.Runner - using system property 'karate.options': --tags @tg
16:16:57.778 [main] DEBUG com.intuit.karate.Suite - [config] classpath:karate-config.js
16:17:50.697 [main] INFO  com.intuit.karate.Runner - using system property 'karate.options': --tags @tg
16:17:51.370 [main] DEBUG com.intuit.karate.Suite - [config] classpath:karate-config.js
16:17:52.782 [main] INFO  com.intuit.karate - karate.env system property was: null 
16:17:53.163 [main] DEBUG com.intuit.karate - request:
1 > POST https://tech-global-training.com/students
1 > Content-Type: application/json; charset=UTF-8
1 > Content-Length: 92
1 > Host: tech-global-training.com
1 > Connection: Keep-Alive
1 > User-Agent: Apache-HttpClient/4.5.14 (Java/11.0.17)
1 > Accept-Encoding: gzip,deflate
{"firstName":"aaaaaa1","lastName":"ddddddd1","email":"asdf123@gmail.com","dob":"2001-02-02"}

16:17:53.469 [main] DEBUG com.intuit.karate - response time in milliseconds: 296
1 < 400
1 < Date: Fri, 14 Apr 2023 21:17:53 GMT
1 < Content-Type: application/json
1 < Content-Length: 151
1 < Connection: keep-alive
1 < x-amzn-RequestId: d3b97568-eef0-4eae-aac9-00b97f0dac54
1 < Access-Control-Allow-Headers: Content-Type, Accept, X-Requested-With, remember-me
1 < x-amzn-Remapped-Connection: keep-alive
1 < x-amz-apigw-id: DYtoRFMIiYcFjqw=
1 < Vary: Origin
1 < Vary: Access-Control-Request-Method
1 < Vary: Access-Control-Request-Headers
1 < x-amzn-Remapped-Server: nginx/1.22.1
1 < Access-Control-Allow-Methods: POST, GET, OPTIONS, PUT, PATCH, DELETE
1 < x-amzn-Remapped-Date: Fri, 14 Apr 2023 21:17:53 GMT
1 < Access-Control-Max-Age: 3600
1 < Access-Control-Allow-Credentials: true
{"timestamp":"2023-04-14T21:17:53.443+00:00","status":400,"error":"Bad Request","message":"Invalid character in the field.","path":"/api/v1/students/"}

16:17:53.498 [main] ERROR com.intuit.karate - classpath:techGlobal/feature/Students.feature:8
Then status 200
status code was: 400, expected: 200, response time in milliseconds: 296, url: https://tech-global-training.com/students, response: 
{"timestamp":"2023-04-14T21:17:53.443+00:00","status":400,"error":"Bad Request","message":"Invalid character in the field.","path":"/api/v1/students/"}
classpath:techGlobal/feature/Students.feature:8
16:17:54.472 [main] INFO  com.intuit.karate.Runner - using system property 'karate.options': --tags @tg
16:17:54.650 [main] DEBUG com.intuit.karate.Suite - [config] classpath:karate-config.js
16:20:41.331 [main] INFO  com.intuit.karate.Runner - using system property 'karate.options': --tags @tg
16:20:41.994 [main] DEBUG com.intuit.karate.Suite - [config] classpath:karate-config.js
16:20:43.788 [main] INFO  com.intuit.karate - karate.env system property was: null 
16:20:44.230 [main] DEBUG com.intuit.karate - request:
1 > POST https://tech-global-training.com/students
1 > Content-Type: application/json; charset=UTF-8
1 > Content-Length: 90
1 > Host: tech-global-training.com
1 > Connection: Keep-Alive
1 > User-Agent: Apache-HttpClient/4.5.14 (Java/11.0.17)
1 > Accept-Encoding: gzip,deflate
{"firstName":"aaaaaa","lastName":"ddddddd","email":"asdf123@gmail.com","dob":"2001-02-02"}

16:20:44.594 [main] DEBUG com.intuit.karate - response time in milliseconds: 358
1 < 200
1 < Date: Fri, 14 Apr 2023 21:20:44 GMT
1 < Content-Type: application/json
1 < Content-Length: 100
1 < Connection: keep-alive
1 < x-amzn-RequestId: 0a9b790a-0c30-4427-88c5-3cd9e6d18ba0
1 < Access-Control-Allow-Headers: Content-Type, Accept, X-Requested-With, remember-me
1 < x-amzn-Remapped-Connection: keep-alive
1 < x-amz-apigw-id: DYuDAGwJiYcFgdA=
1 < Vary: Origin
1 < Vary: Access-Control-Request-Method
1 < Vary: Access-Control-Request-Headers
1 < x-amzn-Remapped-Server: nginx/1.22.1
1 < Access-Control-Allow-Methods: POST, GET, OPTIONS, PUT, PATCH, DELETE
1 < x-amzn-Remapped-Date: Fri, 14 Apr 2023 21:20:44 GMT
1 < Access-Control-Max-Age: 3600
1 < Access-Control-Allow-Credentials: true
{"id":1131,"firstName":"aaaaaa","lastName":"ddddddd","email":"asdf123@gmail.com","dob":"2001-02-02"}

16:20:45.617 [main] INFO  com.intuit.karate.Runner - using system property 'karate.options': --tags @tg
16:20:45.814 [main] DEBUG com.intuit.karate.Suite - [config] classpath:karate-config.js
16:21:56.989 [main] INFO  com.intuit.karate.Runner - using system property 'karate.options': --tags @tg
16:21:57.440 [main] DEBUG com.intuit.karate.Suite - [config] classpath:karate-config.js
16:21:59.359 [main] INFO  com.intuit.karate - karate.env system property was: null 
16:21:59.744 [main] DEBUG com.intuit.karate - request:
1 > POST https://tech-global-training.com/students
1 > Content-Type: application/json; charset=UTF-8
1 > Content-Length: 81
1 > Host: tech-global-training.com
1 > Connection: Keep-Alive
1 > User-Agent: Apache-HttpClient/4.5.14 (Java/11.0.17)
1 > Accept-Encoding: gzip,deflate
{"firstName":"a","lastName":"dd","email":"asdf1234@gmail.com","dob":"2001-02-02"}

16:22:00.100 [main] DEBUG com.intuit.karate - response time in milliseconds: 338
1 < 200
1 < Date: Fri, 14 Apr 2023 21:22:00 GMT
1 < Content-Type: application/json
1 < Content-Length: 91
1 < Connection: keep-alive
1 < x-amzn-RequestId: 5538648f-7e8f-4e53-bd92-9bf73c05f875
1 < Access-Control-Allow-Headers: Content-Type, Accept, X-Requested-With, remember-me
1 < x-amzn-Remapped-Connection: keep-alive
1 < x-amz-apigw-id: DYuOzElSCYcFltQ=
1 < Vary: Origin
1 < Vary: Access-Control-Request-Method
1 < Vary: Access-Control-Request-Headers
1 < x-amzn-Remapped-Server: nginx/1.22.1
1 < Access-Control-Allow-Methods: POST, GET, OPTIONS, PUT, PATCH, DELETE
1 < x-amzn-Remapped-Date: Fri, 14 Apr 2023 21:22:00 GMT
1 < Access-Control-Max-Age: 3600
1 < Access-Control-Allow-Credentials: true
{"id":1132,"firstName":"a","lastName":"dd","email":"asdf1234@gmail.com","dob":"2001-02-02"}

16:22:44.968 [main] INFO  com.intuit.karate.Runner - using system property 'karate.options': --tags @tg
16:22:45.397 [main] DEBUG com.intuit.karate.Suite - [config] classpath:karate-config.js
16:22:47.054 [main] INFO  com.intuit.karate - karate.env system property was: null 
16:22:47.416 [main] DEBUG com.intuit.karate - request:
1 > POST https://tech-global-training.com/students
1 > Content-Type: application/json; charset=UTF-8
1 > Content-Length: 84
1 > Host: tech-global-training.com
1 > Connection: Keep-Alive
1 > User-Agent: Apache-HttpClient/4.5.14 (Java/11.0.17)
1 > Accept-Encoding: gzip,deflate
{"firstName":"aq","lastName":"dqd","email":"asdf12345@gmail.com","dob":"2001-02-02"}

16:22:47.750 [main] DEBUG com.intuit.karate - response time in milliseconds: 329
1 < 200
1 < Date: Fri, 14 Apr 2023 21:22:47 GMT
1 < Content-Type: application/json
1 < Content-Length: 94
1 < Connection: keep-alive
1 < x-amzn-RequestId: b9fb273c-3753-4e58-ae08-7c7173f56603
1 < Access-Control-Allow-Headers: Content-Type, Accept, X-Requested-With, remember-me
1 < x-amzn-Remapped-Connection: keep-alive
1 < x-amz-apigw-id: DYuWQFIQiYcFcRQ=
1 < Vary: Origin
1 < Vary: Access-Control-Request-Method
1 < Vary: Access-Control-Request-Headers
1 < x-amzn-Remapped-Server: nginx/1.22.1
1 < Access-Control-Allow-Methods: POST, GET, OPTIONS, PUT, PATCH, DELETE
1 < x-amzn-Remapped-Date: Fri, 14 Apr 2023 21:22:47 GMT
1 < Access-Control-Max-Age: 3600
1 < Access-Control-Allow-Credentials: true
{"id":1133,"firstName":"aq","lastName":"dqd","email":"asdf12345@gmail.com","dob":"2001-02-02"}

16:22:48.700 [main] INFO  com.intuit.karate.Runner - using system property 'karate.options': --tags @tg
16:22:48.910 [main] DEBUG com.intuit.karate.Suite - [config] classpath:karate-config.js
16:23:37.725 [main] INFO  com.intuit.karate.Runner - using system property 'karate.options': --tags @tg
16:23:38.146 [main] DEBUG com.intuit.karate.Suite - [config] classpath:karate-config.js
16:23:39.446 [main] INFO  com.intuit.karate - karate.env system property was: null 
16:23:39.827 [main] DEBUG com.intuit.karate - request:
1 > POST https://tech-global-training.com/students
1 > Content-Type: application/json; charset=UTF-8
1 > Content-Length: 85
1 > Host: tech-global-training.com
1 > Connection: Keep-Alive
1 > User-Agent: Apache-HttpClient/4.5.14 (Java/11.0.17)
1 > Accept-Encoding: gzip,deflate
{"firstName":"aq","lastName":"dqd","email":"asdf123456@gmail.com","dob":"2001-02-02"}

16:23:40.162 [main] DEBUG com.intuit.karate - response time in milliseconds: 325
1 < 200
1 < Date: Fri, 14 Apr 2023 21:23:40 GMT
1 < Content-Type: application/json
1 < Content-Length: 95
1 < Connection: keep-alive
1 < x-amzn-RequestId: 9ba92fab-9c76-466a-b8ce-ce338fc4db29
1 < Access-Control-Allow-Headers: Content-Type, Accept, X-Requested-With, remember-me
1 < x-amzn-Remapped-Connection: keep-alive
1 < x-amz-apigw-id: DYuecH21iYcFnsQ=
1 < Vary: Origin
1 < Vary: Access-Control-Request-Method
1 < Vary: Access-Control-Request-Headers
1 < x-amzn-Remapped-Server: nginx/1.22.1
1 < Access-Control-Allow-Methods: POST, GET, OPTIONS, PUT, PATCH, DELETE
1 < x-amzn-Remapped-Date: Fri, 14 Apr 2023 21:23:40 GMT
1 < Access-Control-Max-Age: 3600
1 < Access-Control-Allow-Credentials: true
{"id":1134,"firstName":"aq","lastName":"dqd","email":"asdf123456@gmail.com","dob":"2001-02-02"}

16:23:41.068 [main] INFO  com.intuit.karate.Runner - using system property 'karate.options': --tags @tg
16:23:41.290 [main] DEBUG com.intuit.karate.Suite - [config] classpath:karate-config.js
16:25:28.144 [main] INFO  com.intuit.karate.Runner - using system property 'karate.options': --tags @smoke
16:25:28.578 [main] DEBUG com.intuit.karate.Suite - [config] classpath:karate-config.js
16:25:52.759 [main] INFO  com.intuit.karate.Runner - using system property 'karate.options': --tags @smoke
16:25:53.170 [main] DEBUG com.intuit.karate.Suite - [config] classpath:karate-config.js
16:26:10.736 [main] INFO  com.intuit.karate.Runner - using system property 'karate.options': --tags @smoke
16:26:11.196 [main] DEBUG com.intuit.karate.Suite - [config] classpath:karate-config.js
16:26:54.292 [main] INFO  com.intuit.karate.Runner - using system property 'karate.options': --tags @tg
16:26:54.724 [main] DEBUG com.intuit.karate.Suite - [config] classpath:karate-config.js
16:26:56.550 [main] INFO  com.intuit.karate - karate.env system property was: null 
16:26:57.305 [main] DEBUG com.intuit.karate - request:
1 > POST https://tech-global-training.com/students
1 > Content-Type: application/json; charset=UTF-8
1 > Content-Length: 81
1 > Host: tech-global-training.com
1 > Connection: Keep-Alive
1 > User-Agent: Apache-HttpClient/4.5.14 (Java/11.0.17)
1 > Accept-Encoding: gzip,deflate
{"firstName":"aq","lastName":"dqd","email":"asdf12@gmail.com","dob":"2001-02-02"}

16:26:57.698 [main] DEBUG com.intuit.karate - response time in milliseconds: 383
1 < 200
1 < Date: Fri, 14 Apr 2023 21:26:57 GMT
1 < Content-Type: application/json
1 < Content-Length: 91
1 < Connection: keep-alive
1 < x-amzn-RequestId: 6b11db37-58a3-4cc5-a2b3-9be6a94bea64
1 < Access-Control-Allow-Headers: Content-Type, Accept, X-Requested-With, remember-me
1 < x-amzn-Remapped-Connection: keep-alive
1 < x-amz-apigw-id: DYu9THe4iYcF6AA=
1 < Vary: Origin
1 < Vary: Access-Control-Request-Method
1 < Vary: Access-Control-Request-Headers
1 < x-amzn-Remapped-Server: nginx/1.22.1
1 < Access-Control-Allow-Methods: POST, GET, OPTIONS, PUT, PATCH, DELETE
1 < x-amzn-Remapped-Date: Fri, 14 Apr 2023 21:26:57 GMT
1 < Access-Control-Max-Age: 3600
1 < Access-Control-Allow-Credentials: true
{"id":1135,"firstName":"aq","lastName":"dqd","email":"asdf12@gmail.com","dob":"2001-02-02"}

16:37:33.791 [main] INFO  com.intuit.karate.Runner - using system property 'karate.options': --tags @tg
16:37:34.301 [main] DEBUG com.intuit.karate.Suite - [config] classpath:karate-config.js
16:37:36.442 [main] INFO  com.intuit.karate - karate.env system property was: null 
16:37:36.934 [main] DEBUG com.intuit.karate - request:
1 > POST https://tech-global-training.com/students
1 > Content-Type: application/json; charset=UTF-8
1 > Content-Length: 81
1 > Host: tech-global-training.com
1 > Connection: Keep-Alive
1 > User-Agent: Apache-HttpClient/4.5.14 (Java/11.0.17)
1 > Accept-Encoding: gzip,deflate
{"firstName":"aq","lastName":"dqd","email":"asdf12@gmail.com","dob":"2001-02-02"}

16:37:37.411 [main] DEBUG com.intuit.karate - response time in milliseconds: 471
1 < 409
1 < Date: Fri, 14 Apr 2023 21:37:37 GMT
1 < Content-Type: application/json
1 < Content-Length: 169
1 < Connection: keep-alive
1 < x-amzn-RequestId: fa5db071-b390-4e3b-817d-3d749ed934c8
1 < Access-Control-Allow-Headers: Content-Type, Accept, X-Requested-With, remember-me
1 < x-amzn-Remapped-Connection: keep-alive
1 < x-amz-apigw-id: DYwhQEbWiYcF7nA=
1 < Vary: Origin
1 < Vary: Access-Control-Request-Method
1 < Vary: Access-Control-Request-Headers
1 < x-amzn-Remapped-Server: nginx/1.22.1
1 < Access-Control-Allow-Methods: POST, GET, OPTIONS, PUT, PATCH, DELETE
1 < x-amzn-Remapped-Date: Fri, 14 Apr 2023 21:37:37 GMT
1 < Access-Control-Max-Age: 3600
1 < Access-Control-Allow-Credentials: true
{"timestamp":"2023-04-14T21:37:37.384+00:00","status":409,"error":"Conflict","message":"Sorry, the email you have entered is already in use.","path":"/api/v1/students/"}

16:37:37.442 [main] ERROR com.intuit.karate - classpath:techGlobal/feature/Students.feature:11
Then status 200
status code was: 409, expected: 200, response time in milliseconds: 471, url: https://tech-global-training.com/students, response: 
{"timestamp":"2023-04-14T21:37:37.384+00:00","status":409,"error":"Conflict","message":"Sorry, the email you have entered is already in use.","path":"/api/v1/students/"}
classpath:techGlobal/feature/Students.feature:11
16:37:37.490 [main] INFO  com.intuit.karate - karate.env system property was: null 
16:37:37.493 [main] DEBUG com.intuit.karate - request:
1 > POST https://tech-global-training.com/students
1 > Content-Type: application/json; charset=UTF-8
1 > Content-Length: 80
1 > Host: tech-global-training.com
1 > Connection: Keep-Alive
1 > User-Agent: Apache-HttpClient/4.5.14 (Java/11.0.17)
1 > Accept-Encoding: gzip,deflate
{"firstName":"aq","lastName":"dqd","email":"asdf1@gmail.com","dob":"2001-02-02"}

16:37:37.609 [main] DEBUG com.intuit.karate - response time in milliseconds: 114
1 < 200
1 < Date: Fri, 14 Apr 2023 21:37:37 GMT
1 < Content-Type: application/json
1 < Content-Length: 90
1 < Connection: keep-alive
1 < x-amzn-RequestId: 3bffed62-a731-4520-8541-26b64c8211d6
1 < Access-Control-Allow-Headers: Content-Type, Accept, X-Requested-With, remember-me
1 < x-amzn-Remapped-Connection: keep-alive
1 < x-amz-apigw-id: DYwhSFKSiYcF4Lw=
1 < Vary: Origin
1 < Vary: Access-Control-Request-Method
1 < Vary: Access-Control-Request-Headers
1 < x-amzn-Remapped-Server: nginx/1.22.1
1 < Access-Control-Allow-Methods: POST, GET, OPTIONS, PUT, PATCH, DELETE
1 < x-amzn-Remapped-Date: Fri, 14 Apr 2023 21:37:37 GMT
1 < Access-Control-Max-Age: 3600
1 < Access-Control-Allow-Credentials: true
{"id":1136,"firstName":"aq","lastName":"dqd","email":"asdf1@gmail.com","dob":"2001-02-02"}

16:37:37.641 [main] DEBUG com.intuit.karate - request:
2 > DELETE https://tech-global-training.com/students/1136
2 > Host: tech-global-training.com
2 > Connection: Keep-Alive
2 > User-Agent: Apache-HttpClient/4.5.14 (Java/11.0.17)
2 > Accept-Encoding: gzip,deflate


16:37:37.752 [main] DEBUG com.intuit.karate - response time in milliseconds: 110
2 < 200
2 < Date: Fri, 14 Apr 2023 21:37:37 GMT
2 < Content-Type: application/json
2 < Content-Length: 0
2 < Connection: keep-alive
2 < x-amzn-RequestId: b85f0ac9-03ba-49b4-af1f-28b280422e00
2 < Access-Control-Allow-Headers: Content-Type, Accept, X-Requested-With, remember-me
2 < x-amzn-Remapped-Content-Length: 0
2 < x-amzn-Remapped-Connection: keep-alive
2 < x-amz-apigw-id: DYwhUGFEiYcF8Rg=
2 < Vary: Origin
2 < Vary: Access-Control-Request-Method
2 < Vary: Access-Control-Request-Headers
2 < x-amzn-Remapped-Server: nginx/1.22.1
2 < Access-Control-Allow-Methods: POST, GET, OPTIONS, PUT, PATCH, DELETE
2 < x-amzn-Remapped-Date: Fri, 14 Apr 2023 21:37:37 GMT
2 < Access-Control-Max-Age: 3600
2 < Access-Control-Allow-Credentials: true


16:38:17.972 [main] INFO  com.intuit.karate.Runner - using system property 'karate.options': --tags @tg
16:38:18.363 [main] DEBUG com.intuit.karate.Suite - [config] classpath:karate-config.js
16:38:19.666 [main] INFO  com.intuit.karate - karate.env system property was: null 
16:38:20.075 [main] DEBUG com.intuit.karate - request:
1 > POST https://tech-global-training.com/students
1 > Content-Type: application/json; charset=UTF-8
1 > Content-Length: 83
1 > Host: tech-global-training.com
1 > Connection: Keep-Alive
1 > User-Agent: Apache-HttpClient/4.5.14 (Java/11.0.17)
1 > Accept-Encoding: gzip,deflate
{"firstName":"aq","lastName":"dqd","email":"asdfaaaa@gmail.com","dob":"2001-02-02"}

16:38:20.413 [main] DEBUG com.intuit.karate - response time in milliseconds: 328
1 < 200
1 < Date: Fri, 14 Apr 2023 21:38:20 GMT
1 < Content-Type: application/json
1 < Content-Length: 93
1 < Connection: keep-alive
1 < x-amzn-RequestId: 12a56dbd-f41e-4327-97ac-8dbcb496da8a
1 < Access-Control-Allow-Headers: Content-Type, Accept, X-Requested-With, remember-me
1 < x-amzn-Remapped-Connection: keep-alive
1 < x-amz-apigw-id: DYwn-HuZiYcFsyg=
1 < Vary: Origin
1 < Vary: Access-Control-Request-Method
1 < Vary: Access-Control-Request-Headers
1 < x-amzn-Remapped-Server: nginx/1.22.1
1 < Access-Control-Allow-Methods: POST, GET, OPTIONS, PUT, PATCH, DELETE
1 < x-amzn-Remapped-Date: Fri, 14 Apr 2023 21:38:20 GMT
1 < Access-Control-Max-Age: 3600
1 < Access-Control-Allow-Credentials: true
{"id":1137,"firstName":"aq","lastName":"dqd","email":"asdfaaaa@gmail.com","dob":"2001-02-02"}

16:38:20.447 [main] INFO  com.intuit.karate - karate.env system property was: null 
16:38:20.458 [main] DEBUG com.intuit.karate - request:
1 > POST https://tech-global-training.com/students
1 > Content-Type: application/json; charset=UTF-8
1 > Content-Length: 82
1 > Host: tech-global-training.com
1 > Connection: Keep-Alive
1 > User-Agent: Apache-HttpClient/4.5.14 (Java/11.0.17)
1 > Accept-Encoding: gzip,deflate
{"firstName":"aq","lastName":"dqd","email":"asdf1aa@gmail.com","dob":"2001-02-02"}

16:38:20.572 [main] DEBUG com.intuit.karate - response time in milliseconds: 113
1 < 200
1 < Date: Fri, 14 Apr 2023 21:38:20 GMT
1 < Content-Type: application/json
1 < Content-Length: 92
1 < Connection: keep-alive
1 < x-amzn-RequestId: 36c2863f-f088-4827-bcd3-a6cc160a392d
1 < Access-Control-Allow-Headers: Content-Type, Accept, X-Requested-With, remember-me
1 < x-amzn-Remapped-Connection: keep-alive
1 < x-amz-apigw-id: DYwoAFYbiYcF4hg=
1 < Vary: Origin
1 < Vary: Access-Control-Request-Method
1 < Vary: Access-Control-Request-Headers
1 < x-amzn-Remapped-Server: nginx/1.22.1
1 < Access-Control-Allow-Methods: POST, GET, OPTIONS, PUT, PATCH, DELETE
1 < x-amzn-Remapped-Date: Fri, 14 Apr 2023 21:38:20 GMT
1 < Access-Control-Max-Age: 3600
1 < Access-Control-Allow-Credentials: true
{"id":1138,"firstName":"aq","lastName":"dqd","email":"asdf1aa@gmail.com","dob":"2001-02-02"}

16:38:20.602 [main] DEBUG com.intuit.karate - request:
2 > DELETE https://tech-global-training.com/students/1138
2 > Host: tech-global-training.com
2 > Connection: Keep-Alive
2 > User-Agent: Apache-HttpClient/4.5.14 (Java/11.0.17)
2 > Accept-Encoding: gzip,deflate


16:38:20.697 [main] DEBUG com.intuit.karate - response time in milliseconds: 94
2 < 200
2 < Date: Fri, 14 Apr 2023 21:38:20 GMT
2 < Content-Type: application/json
2 < Content-Length: 0
2 < Connection: keep-alive
2 < x-amzn-RequestId: 1732331e-f466-4421-9899-ecef1ac513ea
2 < Access-Control-Allow-Headers: Content-Type, Accept, X-Requested-With, remember-me
2 < x-amzn-Remapped-Content-Length: 0
2 < x-amzn-Remapped-Connection: keep-alive
2 < x-amz-apigw-id: DYwoBGrFiYcFtLg=
2 < Vary: Origin
2 < Vary: Access-Control-Request-Method
2 < Vary: Access-Control-Request-Headers
2 < x-amzn-Remapped-Server: nginx/1.22.1
2 < Access-Control-Allow-Methods: POST, GET, OPTIONS, PUT, PATCH, DELETE
2 < x-amzn-Remapped-Date: Fri, 14 Apr 2023 21:38:20 GMT
2 < Access-Control-Max-Age: 3600
2 < Access-Control-Allow-Credentials: true


